2024-05-21T13:04:42.585Z [error] api post project: Unauthorized
2024-05-21T13:05:13.902Z [error] api post projectData: Unauthorized
2024-05-21T13:05:35.757Z [error] api post projectData: Unauthorized
2024-05-21T13:05:47.273Z [error] Token is missing!
2024-05-21T13:05:47.275Z [error] Token is missing!
2024-05-21T13:09:54.649Z [error] Token is missing!
2024-05-21T13:11:08.458Z [error] Token is missing!
2024-05-21T13:43:41.506Z [error] Token is missing!
2024-05-21T13:46:24.582Z [error] Token is missing!
2024-05-21T13:56:59.734Z [error] Token is missing!
2024-05-21T13:56:59.736Z [error] Token is missing!
2024-05-21T13:57:02.419Z [error] Token is missing!
2024-05-21T13:57:02.421Z [error] Token is missing!
2024-05-21T13:57:04.039Z [error] Token is missing!
2024-05-21T13:57:04.039Z [error] Token is missing!
2024-05-21T13:57:05.480Z [error] Token is missing!
2024-05-21T13:57:05.481Z [error] Token is missing!
2024-05-21T14:17:05.636Z [error] api post heartbeat: Tocken Expired
2024-05-21T14:17:05.678Z [error] Token is missing!
2024-05-21T14:17:05.845Z [error] api post projectData: Unauthorized
2024-05-21T14:24:01.868Z [error] Token is missing!
2024-05-21T14:24:01.869Z [error] Token is missing!
2024-05-21T14:24:04.450Z [error] Token is missing!
2024-05-21T14:24:04.451Z [error] Token is missing!
2024-05-21T14:27:30.791Z [error] Token is missing!
2024-05-21T14:27:31.860Z [error] Token is missing!
2024-05-21T14:27:36.149Z [error] Token is missing!
2024-05-21T14:27:41.957Z [error] Token is missing!
2024-05-21T14:27:44.764Z [error] Token is missing!
2024-05-21T14:27:44.766Z [error] Token is missing!
2024-05-21T14:27:45.658Z [error] Token is missing!
2024-05-21T14:27:45.659Z [error] Token is missing!
2024-05-21T14:27:46.472Z [error] Token is missing!
2024-05-21T14:27:46.475Z [error] Token is missing!
2024-05-21T14:27:47.234Z [error] Token is missing!
2024-05-21T14:27:47.236Z [error] Token is missing!
2024-05-21T14:27:47.926Z [error] Token is missing!
2024-05-21T14:27:47.927Z [error] Token is missing!
2024-05-21T14:27:48.877Z [error] Token is missing!
2024-05-21T14:27:48.878Z [error] Token is missing!
2024-05-21T14:27:49.690Z [error] Token is missing!
2024-05-21T14:27:49.691Z [error] Token is missing!
2024-05-21T14:30:05.760Z [error] Token is missing!
2024-05-21T14:30:05.761Z [error] Token is missing!
2024-05-21T14:30:07.407Z [error] Token is missing!
2024-05-21T14:30:07.409Z [error] Token is missing!
2024-05-21T14:30:08.366Z [error] Token is missing!
2024-05-21T14:30:08.367Z [error] Token is missing!
2024-05-21T14:30:09.386Z [error] Token is missing!
2024-05-21T14:30:09.389Z [error] Token is missing!
2024-05-21T14:30:10.195Z [error] Token is missing!
2024-05-21T14:30:10.196Z [error] Token is missing!
2024-05-21T14:30:11.013Z [error] Token is missing!
2024-05-21T14:30:11.014Z [error] Token is missing!
2024-05-21T14:30:11.845Z [error] Token is missing!
2024-05-21T14:30:11.846Z [error] Token is missing!
2024-05-21T14:36:10.590Z [error] Token is missing!
2024-05-21T14:36:10.592Z [error] Token is missing!
2024-05-21T14:36:12.112Z [error] Token is missing!
2024-05-21T14:36:12.113Z [error] Token is missing!
2024-05-21T14:36:12.946Z [error] Token is missing!
2024-05-21T14:36:12.948Z [error] Token is missing!
2024-05-21T14:36:14.024Z [error] Token is missing!
2024-05-21T14:36:14.025Z [error] Token is missing!
2024-05-21T14:36:15.435Z [error] Token is missing!
2024-05-21T14:36:15.437Z [error] Token is missing!
2024-05-21T14:41:28.578Z [error] Token is missing!
2024-05-21T14:41:30.986Z [error] Token is missing!
2024-05-21T14:41:30.988Z [error] Token is missing!
2024-05-21T14:42:08.087Z [error] Token is missing!
2024-05-21T14:57:08.413Z [error] api post heartbeat: Tocken Expired
2024-05-21T14:57:08.470Z [error] Token is missing!
2024-05-21T14:57:08.547Z [error] api post projectData: Unauthorized
2024-05-21T14:58:32.585Z [error] Token is missing!
2024-05-21T14:58:32.586Z [error] Token is missing!
2024-05-21T14:59:07.016Z [error] Token is missing!
2024-05-21T15:06:44.548Z [error] Token is missing!
2024-05-21T15:06:48.142Z [error] Token is missing!
2024-05-22T15:36:36.741Z [error] Token is missing!
2024-05-22T15:36:36.745Z [error] Token error: false
2024-05-22T15:36:36.835Z [error] Token is missing!
2024-05-22T15:36:59.276Z [error] Token is missing!
